----------------------------------------------------------------
Sun Jul 25 13:45:22 CST 2021:
Booting Derby version The Apache Software Foundation - Apache Derby - 10.14.2.0 - (1828579): instance a816c00e-017a-dc32-4c01-00001236e960 
on database directory G:\咕泡课程学习资料\mybatis\mybatis-3.5.4\mybatis-3\ibderby with class loader sun.misc.Launcher$AppClassLoader@18b4aac2 
Loaded from file:/G:/serverRepository/org/apache/derby/derby/10.14.2.0/derby-10.14.2.0.jar
java.vendor=Oracle Corporation
java.runtime.version=1.8.0_77-b03
user.dir=G:\咕泡课程学习资料\mybatis\mybatis-3.5.4\mybatis-3
os.name=Windows 10
os.arch=amd64
os.version=10.0
derby.system.home=null
Database Class Loader started - derby.database.classpath=''
----------------------------------------------------------------
Sun Jul 25 13:47:42 CST 2021:
Booting Derby version The Apache Software Foundation - Apache Derby - 10.14.2.0 - (1828579): instance ffa2d0d3-017a-dc32-4c01-00001236e960 
on database directory G:\咕泡课程学习资料\mybatis\mybatis-3.5.4\mybatis-3\target\derby\sqlprovider with class loader sun.misc.Launcher$AppClassLoader@18b4aac2 
Loaded from file:/G:/serverRepository/org/apache/derby/derby/10.14.2.0/derby-10.14.2.0.jar
java.vendor=Oracle Corporation
java.runtime.version=1.8.0_77-b03
user.dir=G:\咕泡课程学习资料\mybatis\mybatis-3.5.4\mybatis-3
os.name=Windows 10
os.arch=amd64
os.version=10.0
derby.system.home=null
Database Class Loader started - derby.database.classpath=''
